# JRE version: OpenJDK Runtime Environment (8.0_131-b11) (build 1.8.0_131-8u131-b11-2ubuntu1.16.04.3-b11)
# Java VM: OpenJDK 64-Bit Server VM (25.131-b11 mixed mode linux-amd64 compressed oops)
Heap:
 PSYoungGen      total 132096K, used 5094K [0x00000000d6d00000, 0x00000000df300000, 0x0000000100000000)
  eden space 126976K, 0% used [0x00000000d6d00000,0x00000000d6d00000,0x00000000de900000)
  from space 5120K, 99% used [0x00000000de900000,0x00000000dedf9ad8,0x00000000dee00000)
  to   space 5120K, 0% used [0x00000000dee00000,0x00000000dee00000,0x00000000df300000)
 ParOldGen       total 84992K, used 11329K [0x0000000084600000, 0x0000000089900000, 0x00000000d6d00000)
  object space 84992K, 13% used [0x0000000084600000,0x0000000085110668,0x0000000089900000)
 Metaspace       used 20899K, capacity 21044K, committed 21296K, reserved 1069056K
  class space    used 2579K, capacity 2609K, committed 2688K, reserved 1048576K
GC Heap History (9 events):
Event: 0,692 GC heap before
{Heap before GC invocations=1 (full 0):
 PSYoungGen      total 36864K, used 31744K [0x00000000d6d00000, 0x00000000d9600000, 0x0000000100000000)
  eden space 31744K, 100% used [0x00000000d6d00000,0x00000000d8c00000,0x00000000d8c00000)
  from space 5120K, 0% used [0x00000000d9100000,0x00000000d9100000,0x00000000d9600000)
  to   space 5120K, 0% used [0x00000000d8c00000,0x00000000d8c00000,0x00000000d9100000)
 ParOldGen       total 84992K, used 0K [0x0000000084600000, 0x0000000089900000, 0x00000000d6d00000)
  object space 84992K, 0% used [0x0000000084600000,0x0000000084600000,0x0000000089900000)
 Metaspace       used 8973K, capacity 9126K, committed 9344K, reserved 1056768K
  class space    used 1083K, capacity 1140K, committed 1152K, reserved 1048576K
Event: 0,700 GC heap after
Heap after GC invocations=1 (full 0):
 PSYoungGen      total 36864K, used 5029K [0x00000000d6d00000, 0x00000000db500000, 0x0000000100000000)
  eden space 31744K, 0% used [0x00000000d6d00000,0x00000000d6d00000,0x00000000d8c00000)
  from space 5120K, 98% used [0x00000000d8c00000,0x00000000d90e9798,0x00000000d9100000)
  to   space 5120K, 0% used [0x00000000db000000,0x00000000db000000,0x00000000db500000)
 ParOldGen       total 84992K, used 8K [0x0000000084600000, 0x0000000089900000, 0x00000000d6d00000)
  object space 84992K, 0% used [0x0000000084600000,0x0000000084602000,0x0000000089900000)
 Metaspace       used 8973K, capacity 9126K, committed 9344K, reserved 1056768K
  class space    used 1083K, capacity 1140K, committed 1152K, reserved 1048576K
}
Event: 1,126 GC heap before
{Heap before GC invocations=2 (full 0):
 PSYoungGen      total 36864K, used 36773K [0x00000000d6d00000, 0x00000000db500000, 0x0000000100000000)
  eden space 31744K, 100% used [0x00000000d6d00000,0x00000000d8c00000,0x00000000d8c00000)
  from space 5120K, 98% used [0x00000000d8c00000,0x00000000d90e9798,0x00000000d9100000)
  to   space 5120K, 0% used [0x00000000db000000,0x00000000db000000,0x00000000db500000)
 ParOldGen       total 84992K, used 8K [0x0000000084600000, 0x0000000089900000, 0x00000000d6d00000)
  object space 84992K, 0% used [0x0000000084600000,0x0000000084602000,0x0000000089900000)
 Metaspace       used 11637K, capacity 11766K, committed 12032K, reserved 1060864K
  class space    used 1410K, capacity 1436K, committed 1536K, reserved 1048576K
Event: 1,144 GC heap after
Heap after GC invocations=2 (full 0):
 PSYoungGen      total 68608K, used 5114K [0x00000000d6d00000, 0x00000000db500000, 0x0000000100000000)
  eden space 63488K, 0% used [0x00000000d6d00000,0x00000000d6d00000,0x00000000dab00000)
  from space 5120K, 99% used [0x00000000db000000,0x00000000db4fe820,0x00000000db500000)
  to   space 5120K, 0% used [0x00000000dab00000,0x00000000dab00000,0x00000000db000000)
 ParOldGen       total 84992K, used 393K [0x0000000084600000, 0x0000000089900000, 0x00000000d6d00000)
  object space 84992K, 0% used [0x0000000084600000,0x0000000084662760,0x0000000089900000)
 Metaspace       used 11637K, capacity 11766K, committed 12032K, reserved 1060864K
  class space    used 1410K, capacity 1436K, committed 1536K, reserved 1048576K
}
Event: 2,178 GC heap before
{Heap before GC invocations=3 (full 0):
 PSYoungGen      total 68608K, used 68602K [0x00000000d6d00000, 0x00000000db500000, 0x0000000100000000)
  eden space 63488K, 100% used [0x00000000d6d00000,0x00000000dab00000,0x00000000dab00000)
  from space 5120K, 99% used [0x00000000db000000,0x00000000db4fe820,0x00000000db500000)
  to   space 5120K, 0% used [0x00000000dab00000,0x00000000dab00000,0x00000000db000000)
 ParOldGen       total 84992K, used 393K [0x0000000084600000, 0x0000000089900000, 0x00000000d6d00000)
  object space 84992K, 0% used [0x0000000084600000,0x0000000084662760,0x0000000089900000)
 Metaspace       used 13436K, capacity 13556K, committed 13824K, reserved 1060864K
  class space    used 1621K, capacity 1665K, committed 1792K, reserved 1048576K
Event: 2,190 GC heap after
Heap after GC invocations=3 (full 0):
 PSYoungGen      total 68608K, used 5102K [0x00000000d6d00000, 0x00000000df300000, 0x0000000100000000)
  eden space 63488K, 0% used [0x00000000d6d00000,0x00000000d6d00000,0x00000000dab00000)
  from space 5120K, 99% used [0x00000000dab00000,0x00000000daffb8e8,0x00000000db000000)
  to   space 5120K, 0% used [0x00000000dee00000,0x00000000dee00000,0x00000000df300000)
 ParOldGen       total 84992K, used 1974K [0x0000000084600000, 0x0000000089900000, 0x00000000d6d00000)
  object space 84992K, 2% used [0x0000000084600000,0x00000000847edbb0,0x0000000089900000)
 Metaspace       used 13436K, capacity 13556K, committed 13824K, reserved 1060864K
  class space    used 1621K, capacity 1665K, committed 1792K, reserved 1048576K
}
Event: 3,143 GC heap before
{Heap before GC invocations=4 (full 0):
 PSYoungGen      total 68608K, used 68590K [0x00000000d6d00000, 0x00000000df300000, 0x0000000100000000)
  eden space 63488K, 100% used [0x00000000d6d00000,0x00000000dab00000,0x00000000dab00000)
  from space 5120K, 99% used [0x00000000dab00000,0x00000000daffb8e8,0x00000000db000000)
  to   space 5120K, 0% used [0x00000000dee00000,0x00000000dee00000,0x00000000df300000)
 ParOldGen       total 84992K, used 1974K [0x0000000084600000, 0x0000000089900000, 0x00000000d6d00000)
  object space 84992K, 2% used [0x0000000084600000,0x00000000847edbb0,0x0000000089900000)
 Metaspace       used 16786K, capacity 17026K, committed 17280K, reserved 1064960K
  class space    used 2073K, capacity 2126K, committed 2176K, reserved 1048576K
Event: 3,171 GC heap after
Heap after GC invocations=4 (full 0):
 PSYoungGen      total 132096K, used 5098K [0x00000000d6d00000, 0x00000000df300000, 0x0000000100000000)
  eden space 126976K, 0% used [0x00000000d6d00000,0x00000000d6d00000,0x00000000de900000)
  from space 5120K, 99% used [0x00000000dee00000,0x00000000df2fa8c0,0x00000000df300000)
  to   space 5120K, 0% used [0x00000000de900000,0x00000000de900000,0x00000000dee00000)
 ParOldGen       total 84992K, used 5002K [0x0000000084600000, 0x0000000089900000, 0x00000000d6d00000)
  object space 84992K, 5% used [0x0000000084600000,0x0000000084ae2870,0x0000000089900000)
 Metaspace       used 16786K, capacity 17026K, committed 17280K, reserved 1064960K
  class space    used 2073K, capacity 2126K, committed 2176K, reserved 1048576K
}
Event: 4,558 GC heap before
{Heap before GC invocations=5 (full 0):
 PSYoungGen      total 132096K, used 88644K [0x00000000d6d00000, 0x00000000df300000, 0x0000000100000000)
  eden space 126976K, 65% used [0x00000000d6d00000,0x00000000dbe968f0,0x00000000de900000)
  from space 5120K, 99% used [0x00000000dee00000,0x00000000df2fa8c0,0x00000000df300000)
  to   space 5120K, 0% used [0x00000000de900000,0x00000000de900000,0x00000000dee00000)
 ParOldGen       total 84992K, used 5002K [0x0000000084600000, 0x0000000089900000, 0x00000000d6d00000)
  object space 84992K, 5% used [0x0000000084600000,0x0000000084ae2870,0x0000000089900000)
 Metaspace       used 20899K, capacity 21044K, committed 21296K, reserved 1069056K
  class space    used 2579K, capacity 2609K, committed 2688K, reserved 1048576K

